     1                                  bits 32 ; assembling for the 32 bits architecture
     2                                  
     3                                  ; declare the EntryPoint (a label defining the very first instruction of the program)
     4                                  global start        
     5                                  
     6                                  ; declare external functions needed by our program
     7                                  extern exit               ; tell nasm that exit exists even if we won't be defining it
     8                                  import exit msvcrt.dll    ; exit is a function that ends the calling process. It is defined in msvcrt.dll
     9                                                            ; msvcrt.dll contains exit, printf and all the other important C-runtime specific functions
    10                                  
    11                                  ; our data is declared here (the variables needed by our program)
    12                                  segment data use32 class=data
    13 00000000 14                          a db 20
    14 00000001 02                          b db 2
    15 00000002 01                          c db 1
    16 00000003 08                          d db 8
    17                                  
    18                                  ; 15+10
    19                                  segment code use32 class=code
    20                                      start:
    21                                          ;(a-b-b-c)+(a-c-c-d)
    22 00000000 A0[00000000]                    mov al, [a]
    23 00000005 2A05[01000000]                  sub al, [b]
    24 0000000B 2A05[01000000]                  sub al, [b]
    25 00000011 2A05[02000000]                  sub al, [c]
    26 00000017 8A1D[00000000]                  mov bl, [a]
    27 0000001D 2A1D[02000000]                  sub bl, [c]
    28 00000023 2A1D[02000000]                  sub bl, [c]
    29 00000029 2A1D[03000000]                  sub bl, [d]
    30 0000002F 00D8                            add al, bl
    31                                          ; exit(0)
    32 00000031 6A00                            push    dword 0      ; push the parameter for exit onto the stack
    33 00000033 FF15[00000000]                  call    [exit]       ; call exit to terminate the program
